\BOOKMARK [0][-]{chapter.1}{Introduction}{}% 1
\BOOKMARK [0][-]{chapter.2}{GPU\040Databases}{}% 2
\BOOKMARK [1][-]{section.2.1}{Initial\040example}{chapter.2}% 3
\BOOKMARK [2][-]{subsection.2.1.1}{General}{section.2.1}% 4
\BOOKMARK [0][-]{chapter.3}{MapD}{}% 5
\BOOKMARK [1][-]{subsection.3.0.1}{Functional\040Properties}{chapter.3}% 6
\BOOKMARK [1][-]{section.3.1}{Overview}{chapter.3}% 7
\BOOKMARK [2][-]{subsection.3.1.1}{Data\040Definition\040Language\040\(DDL\)}{section.3.1}% 8
\BOOKMARK [2][-]{subsection.3.1.2}{Data\040Manipulation\040Language\040\(DML\)}{section.3.1}% 9
\BOOKMARK [2][-]{subsection.3.1.3}{Data\040import}{section.3.1}% 10
\BOOKMARK [2][-]{subsection.3.1.4}{Data\040export}{section.3.1}% 11
\BOOKMARK [2][-]{subsection.3.1.5}{Client\040interfaces}{section.3.1}% 12
\BOOKMARK [0][-]{chapter.4}{Benchmark}{}% 13
\BOOKMARK [1][-]{section.4.1}{NYC\040Taxi\040Rides}{chapter.4}% 14
\BOOKMARK [1][-]{section.4.2}{Queries}{chapter.4}% 15
\BOOKMARK [1][-]{section.4.3}{Results}{chapter.4}% 16
\BOOKMARK [0][-]{chapter.5}{Conclusion}{}% 17
\BOOKMARK [0][-]{chapter.5}{Glossary}{}% 18
\BOOKMARK [0][-]{appendix.A}{Architecture}{}% 19
\BOOKMARK [0][-]{section*.27}{Bibliography}{}% 20
